<?xml version="1.0" encoding="UTF-8"?>
<!-- Generated by org.testng.reporters.JUnitReportReporter -->
<testsuite hostname="Karan-Lenovo" failures="0" tests="2" name="com.jenkinsTest.Test1" time="44.180" errors="0" timestamp="2024-07-19T23:53:50 IST" skipped="0">
  <testcase classname="com.jenkinsTest.Test1" name="f_browser" time="26.651"/>
  <testcase classname="com.jenkinsTest.Test1" name="browser" time="17.529"/>
</testsuite> <!-- com.jenkinsTest.Test1 -->
