<?xml version="1.0" encoding="UTF-8"?>
<!-- Generated by org.testng.reporters.JUnitReportReporter -->
<testsuite hostname="Karan-Lenovo" failures="0" tests="1" name="com.jenkinsTest.Test1" time="15.360" errors="0" timestamp="2024-07-18T15:42:59 IST" skipped="0">
  <testcase classname="com.jenkinsTest.Test1" name="browser" time="15.360"/>
  <system-out/>
</testsuite> <!-- com.jenkinsTest.Test1 -->
